TN:
SF:/Users/d501153/Desktop/crud/vue-app/src/components/AlbumCreate/components/AlbumCreate.vue
FN:27,data
FN:42,submit
FNF:2
FNH:1
FNDA:1,data
FNDA:0,submit
DA:20,1
DA:21,1
DA:22,1
DA:28,1
DA:42,0
DA:43,0
DA:44,0
DA:46,0
DA:47,0
DA:50,0
DA:51,0
LF:11
LH:4
BRDA:42,0,0,0
BRDA:42,0,1,0
BRDA:42,0,2,0
BRDA:42,0,3,0
BRDA:42,0,4,0
BRDA:42,1,0,0
BRDA:42,1,1,0
BRF:7
BRH:0
end_of_record
TN:
SF:/Users/d501153/Desktop/crud/vue-app/src/components/AlbumEdit/components/AlbumEdit.vue
FN:32,data
FN:42,mounted
FN:52,submit
FNF:3
FNH:2
FNDA:2,data
FNDA:6,mounted
FNDA:0,submit
DA:20,1
DA:25,1
DA:26,1
DA:27,1
DA:33,2
DA:42,14
DA:43,0
DA:44,0
DA:45,0
DA:46,0
DA:47,0
DA:48,0
DA:52,0
DA:53,0
DA:54,0
DA:56,0
DA:57,0
DA:60,0
DA:61,0
LF:19
LH:6
BRDA:42,0,0,2
BRDA:42,0,1,0
BRDA:42,0,2,0
BRDA:42,0,3,0
BRDA:42,0,4,0
BRDA:45,1,0,0
BRDA:45,1,1,0
BRDA:45,2,0,0
BRDA:45,2,1,0
BRDA:47,3,0,0
BRDA:47,3,1,0
BRDA:52,4,0,0
BRDA:52,4,1,0
BRDA:52,4,2,0
BRDA:52,4,3,0
BRDA:52,4,4,0
BRDA:52,5,0,0
BRDA:52,5,1,0
BRF:18
BRH:1
end_of_record
TN:
SF:/Users/d501153/Desktop/crud/vue-app/src/components/AlbumsList/AlbumsList.vue
FN:55,editAlbum
FN:59,deleteAlbum
FN:64,data
FN:89,mounted
FNF:4
FNH:2
FNDA:0,editAlbum
FNDA:0,deleteAlbum
FNDA:1,data
FNDA:3,mounted
DA:49,1
DA:56,0
DA:59,0
DA:65,1
DA:89,7
DA:90,0
DA:91,0
DA:92,0
LF:8
LH:3
BRDA:59,0,0,0
BRDA:59,0,1,0
BRDA:59,0,2,0
BRDA:89,1,0,1
BRDA:89,1,1,0
BRDA:89,1,2,0
BRDA:89,1,3,0
BRDA:91,2,0,0
BRDA:91,2,1,0
BRF:9
BRH:1
end_of_record
TN:
SF:/Users/d501153/Desktop/crud/vue-app/src/components/AppBar/AppBar.vue
FNF:0
FNH:0
DA:10,1
DA:11,1
LF:2
LH:2
BRF:0
BRH:0
end_of_record
TN:
SF:/Users/d501153/Desktop/crud/vue-app/src/lib/Api.js
FN:4,(anonymous_0)
FN:15,(anonymous_1)
FN:27,(anonymous_2)
FN:39,(anonymous_3)
FN:51,(anonymous_4)
FN:63,(anonymous_5)
FNF:6
FNH:2
FNDA:1,(anonymous_0)
FNDA:2,(anonymous_1)
FNDA:0,(anonymous_2)
FNDA:0,(anonymous_3)
FNDA:0,(anonymous_4)
FNDA:0,(anonymous_5)
DA:4,3
DA:5,1
DA:6,1
DA:9,0
DA:11,0
DA:15,3
DA:16,2
DA:17,2
DA:21,0
DA:23,0
DA:27,3
DA:28,0
DA:29,0
DA:33,0
DA:35,0
DA:39,3
DA:40,0
DA:41,0
DA:45,0
DA:47,0
DA:51,3
DA:52,0
DA:53,0
DA:57,0
DA:59,0
DA:63,3
DA:64,0
DA:68,0
LF:28
LH:10
BRF:0
BRH:0
end_of_record
